2022-09-04 11:30:41,653 ERROR "GET / HTTP/1.1" 500 59 C:\Users\Андрей\PycharmProjects\FinalTask\venv\lib\site-packages\django\core\servers\basehttp.py (exc_info) basehttp.py
2022-09-04 11:30:42,103 ERROR "GET /favicon.ico HTTP/1.1" 500 59 C:\Users\Андрей\PycharmProjects\FinalTask\venv\lib\site-packages\django\core\servers\basehttp.py (exc_info) basehttp.py
2022-09-04 11:30:54,755 ERROR "GET /admin/ HTTP/1.1" 500 59 C:\Users\Андрей\PycharmProjects\FinalTask\venv\lib\site-packages\django\core\servers\basehttp.py (exc_info) basehttp.py
2022-09-04 11:30:55,108 ERROR "GET /favicon.ico HTTP/1.1" 500 59 C:\Users\Андрей\PycharmProjects\FinalTask\venv\lib\site-packages\django\core\servers\basehttp.py (exc_info) basehttp.py
2022-09-04 11:54:29,083 ERROR Internal Server Error: /articles/ C:\Users\Андрей\PycharmProjects\FinalTask\venv\lib\site-packages\django\utils\log.py (exc_info) log.py
Traceback (most recent call last):
  File "C:\Users\Андрей\PycharmProjects\FinalTask\venv\lib\site-packages\django\core\handlers\exception.py", line 55, in inner
    response = get_response(request)
  File "C:\Users\Андрей\PycharmProjects\FinalTask\venv\lib\site-packages\django\core\handlers\base.py", line 220, in _get_response
    response = response.render()
  File "C:\Users\Андрей\PycharmProjects\FinalTask\venv\lib\site-packages\django\template\response.py", line 114, in render
    self.content = self.rendered_content
  File "C:\Users\Андрей\PycharmProjects\FinalTask\venv\lib\site-packages\django\template\response.py", line 90, in rendered_content
    template = self.resolve_template(self.template_name)
  File "C:\Users\Андрей\PycharmProjects\FinalTask\venv\lib\site-packages\django\template\response.py", line 72, in resolve_template
    return select_template(template, using=self.using)
  File "C:\Users\Андрей\PycharmProjects\FinalTask\venv\lib\site-packages\django\template\loader.py", line 42, in select_template
    return engine.get_template(template_name)
  File "C:\Users\Андрей\PycharmProjects\FinalTask\venv\lib\site-packages\django\template\backends\django.py", line 34, in get_template
    return Template(self.engine.get_template(template_name), self)
  File "C:\Users\Андрей\PycharmProjects\FinalTask\venv\lib\site-packages\django\template\engine.py", line 175, in get_template
    template, origin = self.find_template(template_name)
  File "C:\Users\Андрей\PycharmProjects\FinalTask\venv\lib\site-packages\django\template\engine.py", line 157, in find_template
    template = loader.get_template(name, skip=skip)
  File "C:\Users\Андрей\PycharmProjects\FinalTask\venv\lib\site-packages\django\template\loaders\cached.py", line 57, in get_template
    template = super().get_template(template_name, skip)
  File "C:\Users\Андрей\PycharmProjects\FinalTask\venv\lib\site-packages\django\template\loaders\base.py", line 28, in get_template
    return Template(
  File "C:\Users\Андрей\PycharmProjects\FinalTask\venv\lib\site-packages\django\template\base.py", line 154, in __init__
    self.nodelist = self.compile_nodelist()
  File "C:\Users\Андрей\PycharmProjects\FinalTask\venv\lib\site-packages\django\template\base.py", line 200, in compile_nodelist
    return parser.parse()
  File "C:\Users\Андрей\PycharmProjects\FinalTask\venv\lib\site-packages\django\template\base.py", line 513, in parse
    raise self.error(token, e)
  File "C:\Users\Андрей\PycharmProjects\FinalTask\venv\lib\site-packages\django\template\base.py", line 511, in parse
    compiled_result = compile_func(self, token)
  File "C:\Users\Андрей\PycharmProjects\FinalTask\venv\lib\site-packages\django\template\loader_tags.py", line 293, in do_extends
    nodelist = parser.parse()
  File "C:\Users\Андрей\PycharmProjects\FinalTask\venv\lib\site-packages\django\template\base.py", line 513, in parse
    raise self.error(token, e)
  File "C:\Users\Андрей\PycharmProjects\FinalTask\venv\lib\site-packages\django\template\base.py", line 511, in parse
    compiled_result = compile_func(self, token)
  File "C:\Users\Андрей\PycharmProjects\FinalTask\venv\lib\site-packages\django\template\loader_tags.py", line 232, in do_block
    nodelist = parser.parse(("endblock",))
  File "C:\Users\Андрей\PycharmProjects\FinalTask\venv\lib\site-packages\django\template\base.py", line 513, in parse
    raise self.error(token, e)
  File "C:\Users\Андрей\PycharmProjects\FinalTask\venv\lib\site-packages\django\template\base.py", line 511, in parse
    compiled_result = compile_func(self, token)
  File "C:\Users\Андрей\PycharmProjects\FinalTask\venv\lib\site-packages\django\template\defaulttags.py", line 954, in do_if
    nodelist = parser.parse(("elif", "else", "endif"))
  File "C:\Users\Андрей\PycharmProjects\FinalTask\venv\lib\site-packages\django\template\base.py", line 513, in parse
    raise self.error(token, e)
  File "C:\Users\Андрей\PycharmProjects\FinalTask\venv\lib\site-packages\django\template\base.py", line 511, in parse
    compiled_result = compile_func(self, token)
  File "C:\Users\Андрей\PycharmProjects\FinalTask\venv\lib\site-packages\django\template\defaulttags.py", line 854, in do_for
    nodelist_loop = parser.parse(
  File "C:\Users\Андрей\PycharmProjects\FinalTask\venv\lib\site-packages\django\template\base.py", line 484, in parse
    raise self.error(token, e)
  File "C:\Users\Андрей\PycharmProjects\FinalTask\venv\lib\site-packages\django\template\base.py", line 482, in parse
    filter_expression = self.compile_filter(token.contents)
  File "C:\Users\Андрей\PycharmProjects\FinalTask\venv\lib\site-packages\django\template\base.py", line 600, in compile_filter
    return FilterExpression(token, self)
  File "C:\Users\Андрей\PycharmProjects\FinalTask\venv\lib\site-packages\django\template\base.py", line 698, in __init__
    filter_func = parser.find_filter(filter_name)
  File "C:\Users\Андрей\PycharmProjects\FinalTask\venv\lib\site-packages\django\template\base.py", line 606, in find_filter
    raise TemplateSyntaxError("Invalid filter: '%s'" % filter_name)
django.template.exceptions.TemplateSyntaxError: Invalid filter: 'censor'
2022-09-04 11:54:29,099 ERROR "GET /articles/ HTTP/1.1" 500 320884 C:\Users\Андрей\PycharmProjects\FinalTask\venv\lib\site-packages\django\core\servers\basehttp.py (exc_info) basehttp.py
2022-09-04 11:54:37,567 ERROR Internal Server Error: /news/ C:\Users\Андрей\PycharmProjects\FinalTask\venv\lib\site-packages\django\utils\log.py (exc_info) log.py
Traceback (most recent call last):
  File "C:\Users\Андрей\PycharmProjects\FinalTask\venv\lib\site-packages\django\core\handlers\exception.py", line 55, in inner
    response = get_response(request)
  File "C:\Users\Андрей\PycharmProjects\FinalTask\venv\lib\site-packages\django\core\handlers\base.py", line 220, in _get_response
    response = response.render()
  File "C:\Users\Андрей\PycharmProjects\FinalTask\venv\lib\site-packages\django\template\response.py", line 114, in render
    self.content = self.rendered_content
  File "C:\Users\Андрей\PycharmProjects\FinalTask\venv\lib\site-packages\django\template\response.py", line 90, in rendered_content
    template = self.resolve_template(self.template_name)
  File "C:\Users\Андрей\PycharmProjects\FinalTask\venv\lib\site-packages\django\template\response.py", line 72, in resolve_template
    return select_template(template, using=self.using)
  File "C:\Users\Андрей\PycharmProjects\FinalTask\venv\lib\site-packages\django\template\loader.py", line 42, in select_template
    return engine.get_template(template_name)
  File "C:\Users\Андрей\PycharmProjects\FinalTask\venv\lib\site-packages\django\template\backends\django.py", line 34, in get_template
    return Template(self.engine.get_template(template_name), self)
  File "C:\Users\Андрей\PycharmProjects\FinalTask\venv\lib\site-packages\django\template\engine.py", line 175, in get_template
    template, origin = self.find_template(template_name)
  File "C:\Users\Андрей\PycharmProjects\FinalTask\venv\lib\site-packages\django\template\engine.py", line 157, in find_template
    template = loader.get_template(name, skip=skip)
  File "C:\Users\Андрей\PycharmProjects\FinalTask\venv\lib\site-packages\django\template\loaders\cached.py", line 57, in get_template
    template = super().get_template(template_name, skip)
  File "C:\Users\Андрей\PycharmProjects\FinalTask\venv\lib\site-packages\django\template\loaders\base.py", line 28, in get_template
    return Template(
  File "C:\Users\Андрей\PycharmProjects\FinalTask\venv\lib\site-packages\django\template\base.py", line 154, in __init__
    self.nodelist = self.compile_nodelist()
  File "C:\Users\Андрей\PycharmProjects\FinalTask\venv\lib\site-packages\django\template\base.py", line 200, in compile_nodelist
    return parser.parse()
  File "C:\Users\Андрей\PycharmProjects\FinalTask\venv\lib\site-packages\django\template\base.py", line 513, in parse
    raise self.error(token, e)
  File "C:\Users\Андрей\PycharmProjects\FinalTask\venv\lib\site-packages\django\template\base.py", line 511, in parse
    compiled_result = compile_func(self, token)
  File "C:\Users\Андрей\PycharmProjects\FinalTask\venv\lib\site-packages\django\template\loader_tags.py", line 293, in do_extends
    nodelist = parser.parse()
  File "C:\Users\Андрей\PycharmProjects\FinalTask\venv\lib\site-packages\django\template\base.py", line 513, in parse
    raise self.error(token, e)
  File "C:\Users\Андрей\PycharmProjects\FinalTask\venv\lib\site-packages\django\template\base.py", line 511, in parse
    compiled_result = compile_func(self, token)
  File "C:\Users\Андрей\PycharmProjects\FinalTask\venv\lib\site-packages\django\template\loader_tags.py", line 232, in do_block
    nodelist = parser.parse(("endblock",))
  File "C:\Users\Андрей\PycharmProjects\FinalTask\venv\lib\site-packages\django\template\base.py", line 513, in parse
    raise self.error(token, e)
  File "C:\Users\Андрей\PycharmProjects\FinalTask\venv\lib\site-packages\django\template\base.py", line 511, in parse
    compiled_result = compile_func(self, token)
  File "C:\Users\Андрей\PycharmProjects\FinalTask\venv\lib\site-packages\django\template\defaulttags.py", line 954, in do_if
    nodelist = parser.parse(("elif", "else", "endif"))
  File "C:\Users\Андрей\PycharmProjects\FinalTask\venv\lib\site-packages\django\template\base.py", line 513, in parse
    raise self.error(token, e)
  File "C:\Users\Андрей\PycharmProjects\FinalTask\venv\lib\site-packages\django\template\base.py", line 511, in parse
    compiled_result = compile_func(self, token)
  File "C:\Users\Андрей\PycharmProjects\FinalTask\venv\lib\site-packages\django\template\defaulttags.py", line 854, in do_for
    nodelist_loop = parser.parse(
  File "C:\Users\Андрей\PycharmProjects\FinalTask\venv\lib\site-packages\django\template\base.py", line 484, in parse
    raise self.error(token, e)
  File "C:\Users\Андрей\PycharmProjects\FinalTask\venv\lib\site-packages\django\template\base.py", line 482, in parse
    filter_expression = self.compile_filter(token.contents)
  File "C:\Users\Андрей\PycharmProjects\FinalTask\venv\lib\site-packages\django\template\base.py", line 600, in compile_filter
    return FilterExpression(token, self)
  File "C:\Users\Андрей\PycharmProjects\FinalTask\venv\lib\site-packages\django\template\base.py", line 698, in __init__
    filter_func = parser.find_filter(filter_name)
  File "C:\Users\Андрей\PycharmProjects\FinalTask\venv\lib\site-packages\django\template\base.py", line 606, in find_filter
    raise TemplateSyntaxError("Invalid filter: '%s'" % filter_name)
django.template.exceptions.TemplateSyntaxError: Invalid filter: 'censor'
2022-09-04 11:54:37,580 ERROR "GET /news/ HTTP/1.1" 500 320848 C:\Users\Андрей\PycharmProjects\FinalTask\venv\lib\site-packages\django\core\servers\basehttp.py (exc_info) basehttp.py
2022-09-04 11:54:54,963 ERROR Internal Server Error: /articles/ C:\Users\Андрей\PycharmProjects\FinalTask\venv\lib\site-packages\django\utils\log.py (exc_info) log.py
Traceback (most recent call last):
  File "C:\Users\Андрей\PycharmProjects\FinalTask\venv\lib\site-packages\django\core\handlers\exception.py", line 55, in inner
    response = get_response(request)
  File "C:\Users\Андрей\PycharmProjects\FinalTask\venv\lib\site-packages\django\core\handlers\base.py", line 220, in _get_response
    response = response.render()
  File "C:\Users\Андрей\PycharmProjects\FinalTask\venv\lib\site-packages\django\template\response.py", line 114, in render
    self.content = self.rendered_content
  File "C:\Users\Андрей\PycharmProjects\FinalTask\venv\lib\site-packages\django\template\response.py", line 90, in rendered_content
    template = self.resolve_template(self.template_name)
  File "C:\Users\Андрей\PycharmProjects\FinalTask\venv\lib\site-packages\django\template\response.py", line 72, in resolve_template
    return select_template(template, using=self.using)
  File "C:\Users\Андрей\PycharmProjects\FinalTask\venv\lib\site-packages\django\template\loader.py", line 42, in select_template
    return engine.get_template(template_name)
  File "C:\Users\Андрей\PycharmProjects\FinalTask\venv\lib\site-packages\django\template\backends\django.py", line 34, in get_template
    return Template(self.engine.get_template(template_name), self)
  File "C:\Users\Андрей\PycharmProjects\FinalTask\venv\lib\site-packages\django\template\engine.py", line 175, in get_template
    template, origin = self.find_template(template_name)
  File "C:\Users\Андрей\PycharmProjects\FinalTask\venv\lib\site-packages\django\template\engine.py", line 157, in find_template
    template = loader.get_template(name, skip=skip)
  File "C:\Users\Андрей\PycharmProjects\FinalTask\venv\lib\site-packages\django\template\loaders\cached.py", line 57, in get_template
    template = super().get_template(template_name, skip)
  File "C:\Users\Андрей\PycharmProjects\FinalTask\venv\lib\site-packages\django\template\loaders\base.py", line 28, in get_template
    return Template(
  File "C:\Users\Андрей\PycharmProjects\FinalTask\venv\lib\site-packages\django\template\base.py", line 154, in __init__
    self.nodelist = self.compile_nodelist()
  File "C:\Users\Андрей\PycharmProjects\FinalTask\venv\lib\site-packages\django\template\base.py", line 200, in compile_nodelist
    return parser.parse()
  File "C:\Users\Андрей\PycharmProjects\FinalTask\venv\lib\site-packages\django\template\base.py", line 513, in parse
    raise self.error(token, e)
  File "C:\Users\Андрей\PycharmProjects\FinalTask\venv\lib\site-packages\django\template\base.py", line 511, in parse
    compiled_result = compile_func(self, token)
  File "C:\Users\Андрей\PycharmProjects\FinalTask\venv\lib\site-packages\django\template\loader_tags.py", line 293, in do_extends
    nodelist = parser.parse()
  File "C:\Users\Андрей\PycharmProjects\FinalTask\venv\lib\site-packages\django\template\base.py", line 513, in parse
    raise self.error(token, e)
  File "C:\Users\Андрей\PycharmProjects\FinalTask\venv\lib\site-packages\django\template\base.py", line 511, in parse
    compiled_result = compile_func(self, token)
  File "C:\Users\Андрей\PycharmProjects\FinalTask\venv\lib\site-packages\django\template\loader_tags.py", line 232, in do_block
    nodelist = parser.parse(("endblock",))
  File "C:\Users\Андрей\PycharmProjects\FinalTask\venv\lib\site-packages\django\template\base.py", line 513, in parse
    raise self.error(token, e)
  File "C:\Users\Андрей\PycharmProjects\FinalTask\venv\lib\site-packages\django\template\base.py", line 511, in parse
    compiled_result = compile_func(self, token)
  File "C:\Users\Андрей\PycharmProjects\FinalTask\venv\lib\site-packages\django\template\defaulttags.py", line 954, in do_if
    nodelist = parser.parse(("elif", "else", "endif"))
  File "C:\Users\Андрей\PycharmProjects\FinalTask\venv\lib\site-packages\django\template\base.py", line 513, in parse
    raise self.error(token, e)
  File "C:\Users\Андрей\PycharmProjects\FinalTask\venv\lib\site-packages\django\template\base.py", line 511, in parse
    compiled_result = compile_func(self, token)
  File "C:\Users\Андрей\PycharmProjects\FinalTask\venv\lib\site-packages\django\template\defaulttags.py", line 854, in do_for
    nodelist_loop = parser.parse(
  File "C:\Users\Андрей\PycharmProjects\FinalTask\venv\lib\site-packages\django\template\base.py", line 484, in parse
    raise self.error(token, e)
  File "C:\Users\Андрей\PycharmProjects\FinalTask\venv\lib\site-packages\django\template\base.py", line 482, in parse
    filter_expression = self.compile_filter(token.contents)
  File "C:\Users\Андрей\PycharmProjects\FinalTask\venv\lib\site-packages\django\template\base.py", line 600, in compile_filter
    return FilterExpression(token, self)
  File "C:\Users\Андрей\PycharmProjects\FinalTask\venv\lib\site-packages\django\template\base.py", line 698, in __init__
    filter_func = parser.find_filter(filter_name)
  File "C:\Users\Андрей\PycharmProjects\FinalTask\venv\lib\site-packages\django\template\base.py", line 606, in find_filter
    raise TemplateSyntaxError("Invalid filter: '%s'" % filter_name)
django.template.exceptions.TemplateSyntaxError: Invalid filter: 'censor'
2022-09-04 11:54:54,974 ERROR "GET /articles/ HTTP/1.1" 500 320872 C:\Users\Андрей\PycharmProjects\FinalTask\venv\lib\site-packages\django\core\servers\basehttp.py (exc_info) basehttp.py
2022-09-04 12:10:06,228 ERROR Internal Server Error: /articles/ C:\Users\Андрей\PycharmProjects\FinalTask\venv\lib\site-packages\django\utils\log.py (exc_info) log.py
Traceback (most recent call last):
  File "C:\Users\Андрей\PycharmProjects\FinalTask\venv\lib\site-packages\django\core\handlers\exception.py", line 55, in inner
    response = get_response(request)
  File "C:\Users\Андрей\PycharmProjects\FinalTask\venv\lib\site-packages\django\core\handlers\base.py", line 220, in _get_response
    response = response.render()
  File "C:\Users\Андрей\PycharmProjects\FinalTask\venv\lib\site-packages\django\template\response.py", line 114, in render
    self.content = self.rendered_content
  File "C:\Users\Андрей\PycharmProjects\FinalTask\venv\lib\site-packages\django\template\response.py", line 90, in rendered_content
    template = self.resolve_template(self.template_name)
  File "C:\Users\Андрей\PycharmProjects\FinalTask\venv\lib\site-packages\django\template\response.py", line 72, in resolve_template
    return select_template(template, using=self.using)
  File "C:\Users\Андрей\PycharmProjects\FinalTask\venv\lib\site-packages\django\template\loader.py", line 42, in select_template
    return engine.get_template(template_name)
  File "C:\Users\Андрей\PycharmProjects\FinalTask\venv\lib\site-packages\django\template\backends\django.py", line 34, in get_template
    return Template(self.engine.get_template(template_name), self)
  File "C:\Users\Андрей\PycharmProjects\FinalTask\venv\lib\site-packages\django\template\engine.py", line 175, in get_template
    template, origin = self.find_template(template_name)
  File "C:\Users\Андрей\PycharmProjects\FinalTask\venv\lib\site-packages\django\template\engine.py", line 157, in find_template
    template = loader.get_template(name, skip=skip)
  File "C:\Users\Андрей\PycharmProjects\FinalTask\venv\lib\site-packages\django\template\loaders\cached.py", line 57, in get_template
    template = super().get_template(template_name, skip)
  File "C:\Users\Андрей\PycharmProjects\FinalTask\venv\lib\site-packages\django\template\loaders\base.py", line 28, in get_template
    return Template(
  File "C:\Users\Андрей\PycharmProjects\FinalTask\venv\lib\site-packages\django\template\base.py", line 154, in __init__
    self.nodelist = self.compile_nodelist()
  File "C:\Users\Андрей\PycharmProjects\FinalTask\venv\lib\site-packages\django\template\base.py", line 200, in compile_nodelist
    return parser.parse()
  File "C:\Users\Андрей\PycharmProjects\FinalTask\venv\lib\site-packages\django\template\base.py", line 513, in parse
    raise self.error(token, e)
  File "C:\Users\Андрей\PycharmProjects\FinalTask\venv\lib\site-packages\django\template\base.py", line 511, in parse
    compiled_result = compile_func(self, token)
  File "C:\Users\Андрей\PycharmProjects\FinalTask\venv\lib\site-packages\django\template\loader_tags.py", line 293, in do_extends
    nodelist = parser.parse()
  File "C:\Users\Андрей\PycharmProjects\FinalTask\venv\lib\site-packages\django\template\base.py", line 513, in parse
    raise self.error(token, e)
  File "C:\Users\Андрей\PycharmProjects\FinalTask\venv\lib\site-packages\django\template\base.py", line 511, in parse
    compiled_result = compile_func(self, token)
  File "C:\Users\Андрей\PycharmProjects\FinalTask\venv\lib\site-packages\django\template\loader_tags.py", line 232, in do_block
    nodelist = parser.parse(("endblock",))
  File "C:\Users\Андрей\PycharmProjects\FinalTask\venv\lib\site-packages\django\template\base.py", line 513, in parse
    raise self.error(token, e)
  File "C:\Users\Андрей\PycharmProjects\FinalTask\venv\lib\site-packages\django\template\base.py", line 511, in parse
    compiled_result = compile_func(self, token)
  File "C:\Users\Андрей\PycharmProjects\FinalTask\venv\lib\site-packages\django\template\defaulttags.py", line 954, in do_if
    nodelist = parser.parse(("elif", "else", "endif"))
  File "C:\Users\Андрей\PycharmProjects\FinalTask\venv\lib\site-packages\django\template\base.py", line 513, in parse
    raise self.error(token, e)
  File "C:\Users\Андрей\PycharmProjects\FinalTask\venv\lib\site-packages\django\template\base.py", line 511, in parse
    compiled_result = compile_func(self, token)
  File "C:\Users\Андрей\PycharmProjects\FinalTask\venv\lib\site-packages\django\template\defaulttags.py", line 854, in do_for
    nodelist_loop = parser.parse(
  File "C:\Users\Андрей\PycharmProjects\FinalTask\venv\lib\site-packages\django\template\base.py", line 484, in parse
    raise self.error(token, e)
  File "C:\Users\Андрей\PycharmProjects\FinalTask\venv\lib\site-packages\django\template\base.py", line 482, in parse
    filter_expression = self.compile_filter(token.contents)
  File "C:\Users\Андрей\PycharmProjects\FinalTask\venv\lib\site-packages\django\template\base.py", line 600, in compile_filter
    return FilterExpression(token, self)
  File "C:\Users\Андрей\PycharmProjects\FinalTask\venv\lib\site-packages\django\template\base.py", line 698, in __init__
    filter_func = parser.find_filter(filter_name)
  File "C:\Users\Андрей\PycharmProjects\FinalTask\venv\lib\site-packages\django\template\base.py", line 606, in find_filter
    raise TemplateSyntaxError("Invalid filter: '%s'" % filter_name)
django.template.exceptions.TemplateSyntaxError: Invalid filter: 'censor'
2022-09-04 12:10:06,239 ERROR "GET /articles/ HTTP/1.1" 500 320872 C:\Users\Андрей\PycharmProjects\FinalTask\venv\lib\site-packages\django\core\servers\basehttp.py (exc_info) basehttp.py
